<?xml version="1.0" encoding="UTF-8"?>
<!-- Generated by org.testng.reporters.JUnitReportReporter -->
<testsuite skipped="0" hostname="DESKTOP-4TKG998" name="libraryAPI.Library_API" tests="2" failures="0" timestamp="2020-02-15T07:58:02 CST" time="2.461" errors="0">
  <testcase name="base1" time="1.821" classname="libraryAPI.Library_API"/>
  <testcase name="base2" time="0.640" classname="libraryAPI.Library_API"/>
</testsuite> <!-- libraryAPI.Library_API -->
