<?xml version="1.0" encoding="UTF-8"?>
<!-- Generated by org.testng.reporters.JUnitReportReporter -->
<testsuite skipped="0" hostname="DESKTOP-4TKG998" name="pojo.GetGameOfThrone" tests="1" failures="0" timestamp="2020-02-20T10:12:02 CST" time="1.498" errors="1">
  <testcase name="getAllEpisode" time="1.498" classname="pojo.GetGameOfThrone">
    <error type="com.fasterxml.jackson.databind.exc.UnrecognizedPropertyException" message="Unrecognized field &quot;Title&quot; (class pojo.GetEpisodes), not marked as ignorable (5 known properties: &quot;title&quot;, &quot;response&quot;, &quot;season&quot;, &quot;totalSeasons&quot;, &quot;episodes&quot;])
 at [Source: (String)&quot;{&quot;Title&quot;:&quot;Game of Thrones&quot;,&quot;Season&quot;:&quot;1&quot;,&quot;totalSeasons&quot;:&quot;8&quot;,&quot;Episodes&quot;:[{&quot;Title&quot;:&quot;Winter Is Coming&quot;,&quot;Released&quot;:&quot;2011-04-17&quot;,&quot;Episode&quot;:&quot;1&quot;,&quot;imdbRating&quot;:&quot;9.0&quot;,&quot;imdbID&quot;:&quot;tt1480055&quot;},{&quot;Title&quot;:&quot;The Kingsroad&quot;,&quot;Released&quot;:&quot;2011-04-24&quot;,&quot;Episode&quot;:&quot;2&quot;,&quot;imdbRating&quot;:&quot;8.8&quot;,&quot;imdbID&quot;:&quot;tt1668746&quot;},{&quot;Title&quot;:&quot;Lord Snow&quot;,&quot;Released&quot;:&quot;2011-05-01&quot;,&quot;Episode&quot;:&quot;3&quot;,&quot;imdbRating&quot;:&quot;8.7&quot;,&quot;imdbID&quot;:&quot;tt1829962&quot;},{&quot;Title&quot;:&quot;Cripples, Bastards, and Broken Things&quot;,&quot;Released&quot;:&quot;2011-05-08&quot;,&quot;Episode&quot;:&quot;4&quot;,&quot;imdbRating&quot;:&quot;8.8&quot;,&quot;imdbID&quot;:&quot;tt&quot;[truncated 663 chars]; line: 1, column: 11] (through reference chain: pojo.GetEpisodes[&quot;Title&quot;])">
      <![CDATA[com.fasterxml.jackson.databind.exc.UnrecognizedPropertyException: Unrecognized field "Title" (class pojo.GetEpisodes), not marked as ignorable (5 known properties: "title", "response", "season", "totalSeasons", "episodes"])
 at [Source: (String)"{"Title":"Game of Thrones","Season":"1","totalSeasons":"8","Episodes":[{"Title":"Winter Is Coming","Released":"2011-04-17","Episode":"1","imdbRating":"9.0","imdbID":"tt1480055"},{"Title":"The Kingsroad","Released":"2011-04-24","Episode":"2","imdbRating":"8.8","imdbID":"tt1668746"},{"Title":"Lord Snow","Released":"2011-05-01","Episode":"3","imdbRating":"8.7","imdbID":"tt1829962"},{"Title":"Cripples, Bastards, and Broken Things","Released":"2011-05-08","Episode":"4","imdbRating":"8.8","imdbID":"tt"[truncated 663 chars]; line: 1, column: 11] (through reference chain: pojo.GetEpisodes["Title"])
at com.fasterxml.jackson.databind.exc.UnrecognizedPropertyException.from(UnrecognizedPropertyException.java:61)
at com.fasterxml.jackson.databind.DeserializationContext.handleUnknownProperty(DeserializationContext.java:823)
at com.fasterxml.jackson.databind.deser.std.StdDeserializer.handleUnknownProperty(StdDeserializer.java:1153)
at com.fasterxml.jackson.databind.deser.BeanDeserializerBase.handleUnknownProperty(BeanDeserializerBase.java:1589)
at com.fasterxml.jackson.databind.deser.BeanDeserializerBase.handleUnknownVanilla(BeanDeserializerBase.java:1567)
at com.fasterxml.jackson.databind.deser.BeanDeserializer.vanillaDeserialize(BeanDeserializer.java:294)
at com.fasterxml.jackson.databind.deser.BeanDeserializer.deserialize(BeanDeserializer.java:151)
at com.fasterxml.jackson.databind.ObjectMapper._readMapAndClose(ObjectMapper.java:4013)
at com.fasterxml.jackson.databind.ObjectMapper.readValue(ObjectMapper.java:3042)
at com.fasterxml.jackson.databind.ObjectMapper$readValue$0.call(Unknown Source)
at org.codehaus.groovy.runtime.callsite.CallSiteArray.defaultCall(CallSiteArray.java:47)
at org.codehaus.groovy.runtime.callsite.AbstractCallSite.call(AbstractCallSite.java:115)
at org.codehaus.groovy.runtime.callsite.AbstractCallSite.call(AbstractCallSite.java:135)
at io.restassured.internal.path.json.mapping.JsonPathJackson2ObjectDeserializer.deserialize(JsonPathJackson2ObjectDeserializer.groovy:46)
at io.restassured.path.json.mapping.JsonPathObjectDeserializer$deserialize.call(Unknown Source)
at org.codehaus.groovy.runtime.callsite.CallSiteArray.defaultCall(CallSiteArray.java:47)
at org.codehaus.groovy.runtime.callsite.AbstractCallSite.call(AbstractCallSite.java:115)
at org.codehaus.groovy.runtime.callsite.AbstractCallSite.call(AbstractCallSite.java:127)
at io.restassured.internal.mapping.Jackson2Mapper.deserialize(Jackson2Mapper.groovy:58)
at io.restassured.mapper.ObjectMapper$deserialize.call(Unknown Source)
at org.codehaus.groovy.runtime.callsite.CallSiteArray.defaultCall(CallSiteArray.java:47)
at org.codehaus.groovy.runtime.callsite.AbstractCallSite.call(AbstractCallSite.java:115)
at org.codehaus.groovy.runtime.callsite.AbstractCallSite.call(AbstractCallSite.java:127)
at io.restassured.internal.mapping.ObjectMapping.parseWithJackson2(ObjectMapping.groovy:238)
at io.restassured.internal.mapping.ObjectMapping$parseWithJackson2$0.callStatic(Unknown Source)
at org.codehaus.groovy.runtime.callsite.CallSiteArray.defaultCallStatic(CallSiteArray.java:55)
at org.codehaus.groovy.runtime.callsite.AbstractCallSite.callStatic(AbstractCallSite.java:196)
at org.codehaus.groovy.runtime.callsite.AbstractCallSite.callStatic(AbstractCallSite.java:216)
at io.restassured.internal.mapping.ObjectMapping.deserialize(ObjectMapping.groovy:59)
at io.restassured.internal.mapping.ObjectMapping$deserialize.call(Unknown Source)
at org.codehaus.groovy.runtime.callsite.CallSiteArray.defaultCall(CallSiteArray.java:47)
at org.codehaus.groovy.runtime.callsite.AbstractCallSite.call(AbstractCallSite.java:115)
at io.restassured.internal.RestAssuredResponseOptionsGroovyImpl.as(RestAssuredResponseOptionsGroovyImpl.groovy:226)
at io.restassured.internal.RestAssuredResponseOptionsImpl.as(RestAssuredResponseOptionsImpl.java:169)
at pojo.GetGameOfThrone.getAllEpisode(GetGameOfThrone.java:13)
at sun.reflect.NativeMethodAccessorImpl.invoke0(Native Method)
at sun.reflect.NativeMethodAccessorImpl.invoke(NativeMethodAccessorImpl.java:62)
at sun.reflect.DelegatingMethodAccessorImpl.invoke(DelegatingMethodAccessorImpl.java:43)
at java.lang.reflect.Method.invoke(Method.java:498)
at org.testng.internal.MethodInvocationHelper.invokeMethod(MethodInvocationHelper.java:133)
at org.testng.internal.TestInvoker.invokeMethod(TestInvoker.java:584)
at org.testng.internal.TestInvoker.invokeTestMethod(TestInvoker.java:172)
at org.testng.internal.MethodRunner.runInSequence(MethodRunner.java:46)
at org.testng.internal.TestInvoker$MethodInvocationAgent.invoke(TestInvoker.java:804)
at org.testng.internal.TestInvoker.invokeTestMethods(TestInvoker.java:145)
at org.testng.internal.TestMethodWorker.invokeTestMethods(TestMethodWorker.java:146)
at org.testng.internal.TestMethodWorker.run(TestMethodWorker.java:128)
at java.util.ArrayList.forEach(ArrayList.java:1257)
at org.testng.TestRunner.privateRun(TestRunner.java:770)
at org.testng.TestRunner.run(TestRunner.java:591)
at org.testng.SuiteRunner.runTest(SuiteRunner.java:402)
at org.testng.SuiteRunner.runSequentially(SuiteRunner.java:396)
at org.testng.SuiteRunner.privateRun(SuiteRunner.java:355)
at org.testng.SuiteRunner.run(SuiteRunner.java:304)
at org.testng.SuiteRunnerWorker.runSuite(SuiteRunnerWorker.java:53)
at org.testng.SuiteRunnerWorker.run(SuiteRunnerWorker.java:96)
at org.testng.TestNG.runSuitesSequentially(TestNG.java:1180)
at org.testng.TestNG.runSuitesLocally(TestNG.java:1102)
at org.testng.TestNG.runSuites(TestNG.java:1032)
at org.testng.TestNG.run(TestNG.java:1000)
at org.testng.remote.AbstractRemoteTestNG.run(AbstractRemoteTestNG.java:115)
at org.testng.remote.RemoteTestNG.initAndRun(RemoteTestNG.java:251)
at org.testng.remote.RemoteTestNG.main(RemoteTestNG.java:77)
]]>
    </error>
  </testcase> <!-- getAllEpisode -->
</testsuite> <!-- pojo.GetGameOfThrone -->
