<?xml version="1.0" encoding="UTF-8"?>
<!-- Generated by org.testng.reporters.JUnitReportReporter -->
<testsuite skipped="0" hostname="DESKTOP-4TKG998" name="apitest.GetUsingDataProvider" tests="5" failures="0" timestamp="2020-02-10T22:33:46 CST" time="2.015" errors="0">
  <testcase name="getZipCodeTest" time="1.546" classname="apitest.GetUsingDataProvider"/>
  <testcase name="getZipCodeTest" time="0.136" classname="apitest.GetUsingDataProvider"/>
  <testcase name="getZipCodeTest" time="0.099" classname="apitest.GetUsingDataProvider"/>
  <testcase name="getZipCodeTest" time="0.155" classname="apitest.GetUsingDataProvider"/>
  <testcase name="getZipCodeTest" time="0.079" classname="apitest.GetUsingDataProvider"/>
</testsuite> <!-- apitest.GetUsingDataProvider -->
