<?xml version="1.0" encoding="UTF-8"?>
<!-- Generated by org.testng.reporters.JUnitReportReporter -->
<testsuite skipped="0" hostname="DESKTOP-4TKG998" name="apitest.HelloRestAssured" tests="1" failures="0" timestamp="2020-02-11T13:30:41 CST" time="1.473" errors="0">
  <testcase name="HiGoogle" time="1.473" classname="apitest.HelloRestAssured"/>
</testsuite> <!-- apitest.HelloRestAssured -->
