<?xml version="1.0" encoding="UTF-8"?>
<!-- Generated by org.testng.reporters.JUnitReportReporter -->
<testsuite skipped="0" hostname="DESKTOP-4TKG998" name="apitest.FirstGetTest" tests="1" failures="0" timestamp="2020-02-09T13:52:36 CST" time="0.241" errors="0">
  <testcase name="getSingleUser" time="0.241" classname="apitest.FirstGetTest"/>
</testsuite> <!-- apitest.FirstGetTest -->
