<?xml version="1.0" encoding="UTF-8"?>
<!-- Generated by org.testng.reporters.JUnitReportReporter -->
<testsuite skipped="0" hostname="DESKTOP-4TKG998" name="apitest.FirstPutTest" tests="1" failures="0" timestamp="2020-02-10T21:43:13 CST" time="1.966" errors="0">
  <testcase name="updateUser" time="1.966" classname="apitest.FirstPutTest"/>
</testsuite> <!-- apitest.FirstPutTest -->
