<?xml version="1.0" encoding="UTF-8"?>
<!-- Generated by org.testng.reporters.JUnitReportReporter -->
<testsuite skipped="0" hostname="DESKTOP-4TKG998" name="apitest.SecondGetTest" tests="1" failures="0" timestamp="2020-02-09T17:51:44 CST" time="1.705" errors="0">
  <testcase name="getListOfUser" time="1.705" classname="apitest.SecondGetTest"/>
</testsuite> <!-- apitest.SecondGetTest -->
