<?xml version="1.0" encoding="UTF-8"?>
<!-- Generated by org.testng.reporters.JUnitReportReporter -->
<testsuite skipped="0" hostname="DESKTOP-4TKG998" name="authentication.AuthenticationApi" tests="1" failures="0" timestamp="2020-02-15T12:55:30 CST" time="2.136" errors="0">
  <testcase name="Outh_Header_Test" time="2.136" classname="authentication.AuthenticationApi"/>
</testsuite> <!-- authentication.AuthenticationApi -->
