<?xml version="1.0" encoding="UTF-8"?>
<!-- Generated by org.testng.reporters.JUnitReportReporter -->
<testsuite skipped="0" hostname="DESKTOP-4TKG998" name="apitest.FirstPuTest" tests="1" failures="0" timestamp="2020-02-09T13:52:36 CST" time="0.455" errors="0">
  <testcase name="updateUser" time="0.455" classname="apitest.FirstPuTest"/>
</testsuite> <!-- apitest.FirstPuTest -->
