<?xml version="1.0" encoding="UTF-8"?>
<!-- Generated by org.testng.reporters.JUnitReportReporter -->
<testsuite skipped="0" hostname="DESKTOP-4TKG998" name="authentication.QueryParam" tests="1" failures="0" timestamp="2020-02-15T13:05:00 CST" time="2.285" errors="0">
  <testcase name="deletePlaceAPI" time="2.285" classname="authentication.QueryParam"/>
</testsuite> <!-- authentication.QueryParam -->
