<?xml version="1.0" encoding="UTF-8"?>
<!-- Generated by org.testng.reporters.JUnitReportReporter -->
<testsuite skipped="0" hostname="DESKTOP-4TKG998" name="apitest.ThirdGetTest" tests="1" failures="0" timestamp="2020-02-10T22:23:00 CST" time="1.470" errors="0">
  <testcase name="getCityByZipCode" time="1.470" classname="apitest.ThirdGetTest"/>
</testsuite> <!-- apitest.ThirdGetTest -->
