<?xml version="1.0" encoding="UTF-8"?>
<!-- Generated by org.testng.reporters.JUnitReportReporter -->
<testsuite skipped="0" hostname="DESKTOP-4TKG998" name="apitest.ExtractValueFromResponse" tests="1" failures="0" timestamp="2020-02-13T09:22:59 CST" time="1.571" errors="0">
  <testcase name="getResponseValue" time="1.571" classname="apitest.ExtractValueFromResponse"/>
</testsuite> <!-- apitest.ExtractValueFromResponse -->
