<?xml version="1.0" encoding="UTF-8"?>
<!-- Generated by org.testng.reporters.JUnitReportReporter -->
<testsuite skipped="0" hostname="DESKTOP-4TKG998" name="pojoTest.DeserializationTest" tests="1" failures="0" timestamp="2020-02-20T15:39:14 CST" time="1.729" errors="0">
  <testcase name="getWeatherTest" time="1.729" classname="pojoTest.DeserializationTest"/>
</testsuite> <!-- pojoTest.DeserializationTest -->
