<?xml version="1.0" encoding="UTF-8"?>
<!-- Generated by org.testng.reporters.JUnitReportReporter -->
<testsuite skipped="0" hostname="DESKTOP-4TKG998" name="authentication.ExtractValueFromResponse" tests="1" failures="0" timestamp="2020-02-15T13:16:12 CST" time="1.841" errors="0">
  <testcase name="getResponseValue" time="1.841" classname="authentication.ExtractValueFromResponse"/>
</testsuite> <!-- authentication.ExtractValueFromResponse -->
