<?xml version="1.0" encoding="UTF-8"?>
<!-- Generated by org.testng.reporters.JUnitReportReporter -->
<testsuite skipped="0" hostname="DESKTOP-4TKG998" name="pojoTest.GetWeatherReportTest" tests="2" failures="0" timestamp="2020-02-20T11:43:40 CST" time="1.864" errors="0">
  <testcase name="getWeatherTest" time="1.604" classname="pojoTest.GetWeatherReportTest"/>
  <testcase name="getWeatherTest1" time="0.260" classname="pojoTest.GetWeatherReportTest"/>
</testsuite> <!-- pojoTest.GetWeatherReportTest -->
